<?xml version="1.0" encoding="UTF-8"?>
<!-- Generated by org.testng.reporters.JUnitXMLReporter -->
<testsuite hostname="PRATAP-T430S" ignored="0" name="Default test(failed)" tests="1" failures="0" timestamp="2020-07-22T20:17:00 PDT" time="0.081" errors="0">
  <testcase name="@BeforeClass setup" time="-1.5954742201E9" classname="com.SdetHybrid1.testCases.BaseClass">
    <failure type="org.testng.TestNGException" message="
Parameter &amp;apos;browser&amp;apos; is required by BeforeClass on method setup but has not been marked @Optional or defined
in C:\Users\pkantipudi\eclipse-workspace\Learning\SdetHybrid1\test-output\testng-failed.xml">
      <![CDATA[org.testng.TestNGException: 
Parameter 'browser' is required by BeforeClass on method setup but has not been marked @Optional or defined
in C:\Users\pkantipudi\eclipse-workspace\Learning\SdetHybrid1\test-output\testng-failed.xml
at java.util.ArrayList.forEach(Unknown Source)
... Removed 22 stack frames]]>
    </failure>
  </testcase> <!-- @BeforeClass setup -->
  <testcase name="@AfterClass teardown" time="-1.595474220147E9" classname="com.SdetHybrid1.testCases.BaseClass">
    <skipped/>
  </testcase> <!-- @AfterClass teardown -->
  <testcase name="loginTest" time="0.0" classname="com.SdetHybrid1.testCases.TC_LoginTest_1">
    <skipped/>
  </testcase> <!-- loginTest -->
</testsuite> <!-- Default test(failed) -->
