<?xml version="1.0" encoding="UTF-8"?>
<!-- Generated by org.testng.reporters.JUnitXMLReporter -->
<testsuite hostname="PRATAP-T430S" ignored="0" name="BankingApp Test" tests="2" failures="1" timestamp="10 Aug 2020 17:04:08 GMT" time="44.737" errors="0">
  <testcase name="loginTest" time="21.715" classname="com.SdetHybrid1.testCases.TC_LoginTest_1">
    <failure type="java.lang.AssertionError" message="expected [true] but found [false]">
      <![CDATA[java.lang.AssertionError: expected [true] but found [false]
at com.SdetHybrid1.testCases.TC_LoginTest_1.loginTest(TC_LoginTest_1.java:36)
... Removed 29 stack frames]]>
    </failure>
  </testcase> <!-- loginTest -->
  <testcase name="addNewCustomer" time="14.938" classname="com.SdetHybrid1.testCases.TC_AddCustomerTest_003"/>
</testsuite> <!-- BankingApp Test -->
