<?xml version="1.0" encoding="UTF-8"?>
<testng-results skipped="0" failed="1" ignored="0" total="2" passed="1">
  <reporter-output>
  </reporter-output>
  <suite name="SdetHybrid1" duration-ms="44737" started-at="2020-08-10T17:03:23Z" finished-at="2020-08-10T17:04:07Z">
    <groups>
    </groups>
    <test name="BankingApp Test" duration-ms="44737" started-at="2020-08-10T17:03:23Z" finished-at="2020-08-10T17:04:07Z">
      <class name="com.SdetHybrid1.testCases.TC_LoginTest_1">
        <test-method status="PASS" signature="setup(java.lang.String)[pri:0, instance:com.SdetHybrid1.testCases.TC_LoginTest_1@3b2cf7ab]" name="setup" is-config="true" duration-ms="3653" started-at="2020-08-10T17:03:23Z" finished-at="2020-08-10T17:03:27Z">
          <params>
            <param index="0">
              <value>
                <![CDATA[chrome]]>
              </value>
            </param>
          </params>
          <reporter-output>
          </reporter-output>
        </test-method> <!-- setup -->
        <test-method status="FAIL" signature="loginTest()[pri:0, instance:com.SdetHybrid1.testCases.TC_LoginTest_1@3b2cf7ab]" name="loginTest" duration-ms="21715" started-at="2020-08-10T17:03:27Z" finished-at="2020-08-10T17:03:48Z">
          <exception class="java.lang.AssertionError">
            <message>
              <![CDATA[expected [true] but found [false]]]>
            </message>
            <full-stacktrace>
              <![CDATA[java.lang.AssertionError: expected [true] but found [false]
at org.testng.Assert.fail(Assert.java:96)
at org.testng.Assert.failNotEquals(Assert.java:776)
at org.testng.Assert.assertTrue(Assert.java:44)
at org.testng.Assert.assertTrue(Assert.java:54)
at com.SdetHybrid1.testCases.TC_LoginTest_1.loginTest(TC_LoginTest_1.java:36)
at sun.reflect.NativeMethodAccessorImpl.invoke0(Native Method)
at sun.reflect.NativeMethodAccessorImpl.invoke(Unknown Source)
at sun.reflect.DelegatingMethodAccessorImpl.invoke(Unknown Source)
at java.lang.reflect.Method.invoke(Unknown Source)
at org.testng.internal.MethodInvocationHelper.invokeMethod(MethodInvocationHelper.java:124)
at org.testng.internal.Invoker.invokeMethod(Invoker.java:583)
at org.testng.internal.Invoker.invokeTestMethod(Invoker.java:719)
at org.testng.internal.Invoker.invokeTestMethods(Invoker.java:989)
at org.testng.internal.TestMethodWorker.invokeTestMethods(TestMethodWorker.java:125)
at org.testng.internal.TestMethodWorker.run(TestMethodWorker.java:109)
at org.testng.TestRunner.privateRun(TestRunner.java:648)
at org.testng.TestRunner.run(TestRunner.java:505)
at org.testng.SuiteRunner.runTest(SuiteRunner.java:455)
at org.testng.SuiteRunner.runSequentially(SuiteRunner.java:450)
at org.testng.SuiteRunner.privateRun(SuiteRunner.java:415)
at org.testng.SuiteRunner.run(SuiteRunner.java:364)
at org.testng.SuiteRunnerWorker.runSuite(SuiteRunnerWorker.java:52)
at org.testng.SuiteRunnerWorker.run(SuiteRunnerWorker.java:84)
at org.testng.TestNG.runSuitesSequentially(TestNG.java:1208)
at org.testng.TestNG.runSuitesLocally(TestNG.java:1137)
at org.testng.TestNG.runSuites(TestNG.java:1049)
at org.testng.TestNG.run(TestNG.java:1017)
at org.testng.remote.AbstractRemoteTestNG.run(AbstractRemoteTestNG.java:115)
at org.testng.remote.RemoteTestNG.initAndRun(RemoteTestNG.java:251)
at org.testng.remote.RemoteTestNG.main(RemoteTestNG.java:77)
]]>
            </full-stacktrace>
          </exception> <!-- java.lang.AssertionError -->
          <reporter-output>
          </reporter-output>
        </test-method> <!-- loginTest -->
        <test-method status="PASS" signature="teardown()[pri:0, instance:com.SdetHybrid1.testCases.TC_LoginTest_1@3b2cf7ab]" name="teardown" is-config="true" duration-ms="815" started-at="2020-08-10T17:03:48Z" finished-at="2020-08-10T17:03:49Z">
          <reporter-output>
          </reporter-output>
        </test-method> <!-- teardown -->
      </class> <!-- com.SdetHybrid1.testCases.TC_LoginTest_1 -->
      <class name="com.SdetHybrid1.testCases.TC_AddCustomerTest_003">
        <test-method status="PASS" signature="setup(java.lang.String)[pri:0, instance:com.SdetHybrid1.testCases.TC_AddCustomerTest_003@2aa5fe93]" name="setup" is-config="true" duration-ms="2742" started-at="2020-08-10T17:03:49Z" finished-at="2020-08-10T17:03:52Z">
          <params>
            <param index="0">
              <value>
                <![CDATA[chrome]]>
              </value>
            </param>
          </params>
          <reporter-output>
          </reporter-output>
        </test-method> <!-- setup -->
        <test-method status="PASS" signature="addNewCustomer()[pri:0, instance:com.SdetHybrid1.testCases.TC_AddCustomerTest_003@2aa5fe93]" name="addNewCustomer" duration-ms="14938" started-at="2020-08-10T17:03:52Z" finished-at="2020-08-10T17:04:07Z">
          <reporter-output>
          </reporter-output>
        </test-method> <!-- addNewCustomer -->
        <test-method status="PASS" signature="teardown()[pri:0, instance:com.SdetHybrid1.testCases.TC_AddCustomerTest_003@2aa5fe93]" name="teardown" is-config="true" duration-ms="671" started-at="2020-08-10T17:04:07Z" finished-at="2020-08-10T17:04:07Z">
          <reporter-output>
          </reporter-output>
        </test-method> <!-- teardown -->
      </class> <!-- com.SdetHybrid1.testCases.TC_AddCustomerTest_003 -->
    </test> <!-- BankingApp Test -->
  </suite> <!-- SdetHybrid1 -->
</testng-results>
